INFO: [VRFC 10-163] Analyzing VHDL file "/home/starck/Bureau/Automates et Langages/FPGA/VHDL/PROJET_SYSTEME_INFO.srcs/sources_1/new/Banc_de_registres.vhd" into library xil_defaultlib
INFO: [VRFC 10-307] analyzing entity Banc_de_registres
INFO: [VRFC 10-163] Analyzing VHDL file "/home/starck/Bureau/Automates et Langages/FPGA/VHDL/PROJET_SYSTEME_INFO.srcs/sources_1/new/UAL.vhd" into library xil_defaultlib
INFO: [VRFC 10-307] analyzing entity UAL
INFO: [VRFC 10-163] Analyzing VHDL file "/home/starck/Bureau/Automates et Langages/FPGA/VHDL/PROJET_SYSTEME_INFO.srcs/sim_1/new/testUAL.vhd" into library xil_defaultlib
INFO: [VRFC 10-307] analyzing entity testUAL
INFO: [VRFC 10-163] Analyzing VHDL file "/home/starck/Bureau/Automates et Langages/FPGA/VHDL/PROJET_SYSTEME_INFO.srcs/sources_1/new/UAL.vhd" into library xil_defaultlib
INFO: [VRFC 10-307] analyzing entity UAL
INFO: [VRFC 10-163] Analyzing VHDL file "/home/starck/Bureau/Automates et Langages/FPGA/VHDL/PROJET_SYSTEME_INFO.srcs/sim_1/new/testUAL.vhd" into library xil_defaultlib
INFO: [VRFC 10-307] analyzing entity testUAL
INFO: [VRFC 10-163] Analyzing VHDL file "/home/starck/Bureau/Automates et Langages/FPGA/VHDL/PROJET_SYSTEME_INFO.srcs/sim_1/new/testUAL.vhd" into library xil_defaultlib
INFO: [VRFC 10-307] analyzing entity testUAL
INFO: [VRFC 10-163] Analyzing VHDL file "/home/starck/Bureau/Automates et Langages/FPGA/VHDL/PROJET_SYSTEME_INFO.srcs/sim_1/new/testUAL.vhd" into library xil_defaultlib
INFO: [VRFC 10-307] analyzing entity testUAL
INFO: [VRFC 10-163] Analyzing VHDL file "/home/starck/Bureau/Automates et Langages/FPGA/VHDL/PROJET_SYSTEME_INFO.srcs/sources_1/new/UAL.vhd" into library xil_defaultlib
INFO: [VRFC 10-307] analyzing entity UAL
INFO: [VRFC 10-163] Analyzing VHDL file "/home/starck/Bureau/Automates et Langages/FPGA/VHDL/PROJET_SYSTEME_INFO.srcs/sources_1/new/UAL.vhd" into library xil_defaultlib
INFO: [VRFC 10-307] analyzing entity UAL
INFO: [VRFC 10-163] Analyzing VHDL file "/home/starck/Bureau/Automates et Langages/FPGA/VHDL/PROJET_SYSTEME_INFO.srcs/sources_1/new/UAL.vhd" into library xil_defaultlib
INFO: [VRFC 10-307] analyzing entity UAL
INFO: [VRFC 10-163] Analyzing VHDL file "/home/starck/Bureau/Automates et Langages/FPGA/VHDL/PROJET_SYSTEME_INFO.srcs/sources_1/new/UAL.vhd" into library xil_defaultlib
INFO: [VRFC 10-307] analyzing entity UAL
INFO: [VRFC 10-163] Analyzing VHDL file "/home/starck/Bureau/Automates et Langages/FPGA/VHDL/PROJET_SYSTEME_INFO.srcs/sim_1/new/testUAL.vhd" into library xil_defaultlib
INFO: [VRFC 10-307] analyzing entity testUAL
INFO: [VRFC 10-163] Analyzing VHDL file "/home/starck/Bureau/Automates et Langages/FPGA/VHDL/PROJET_SYSTEME_INFO.srcs/sources_1/new/UAL.vhd" into library xil_defaultlib
INFO: [VRFC 10-307] analyzing entity UAL
INFO: [VRFC 10-163] Analyzing VHDL file "/home/starck/Bureau/Automates et Langages/FPGA/VHDL/PROJET_SYSTEME_INFO.srcs/sim_1/new/testRegistres.vhd" into library xil_defaultlib
INFO: [VRFC 10-307] analyzing entity testRegistres
INFO: [VRFC 10-163] Analyzing VHDL file "/home/starck/Bureau/Automates et Langages/FPGA/VHDL/PROJET_SYSTEME_INFO.srcs/sim_1/new/testRegistres.vhd" into library xil_defaultlib
INFO: [VRFC 10-307] analyzing entity testRegistres
INFO: [VRFC 10-163] Analyzing VHDL file "/home/starck/Bureau/Automates et Langages/FPGA/VHDL/PROJET_SYSTEME_INFO.srcs/sim_1/new/testRegistres.vhd" into library xil_defaultlib
INFO: [VRFC 10-307] analyzing entity testRegistres
INFO: [VRFC 10-163] Analyzing VHDL file "/home/starck/Bureau/Automates et Langages/FPGA/VHDL/PROJET_SYSTEME_INFO.srcs/sim_1/new/testDonnees.vhd" into library xil_defaultlib
INFO: [VRFC 10-307] analyzing entity testDonnees
INFO: [VRFC 10-163] Analyzing VHDL file "/home/starck/Bureau/Automates et Langages/FPGA/VHDL/PROJET_SYSTEME_INFO.srcs/sim_1/new/testDonnees.vhd" into library xil_defaultlib
INFO: [VRFC 10-307] analyzing entity testDonnees
INFO: [VRFC 10-163] Analyzing VHDL file "/home/starck/Bureau/Automates et Langages/FPGA/VHDL/PROJET_SYSTEME_INFO.srcs/sim_1/new/testDonnees.vhd" into library xil_defaultlib
INFO: [VRFC 10-307] analyzing entity testDonnees
INFO: [VRFC 10-163] Analyzing VHDL file "/home/starck/Bureau/Automates et Langages/FPGA/VHDL/PROJET_SYSTEME_INFO.srcs/sources_1/new/Memoire_de_donneees.vhd" into library xil_defaultlib
INFO: [VRFC 10-307] analyzing entity Memoire_de_donneees
INFO: [VRFC 10-163] Analyzing VHDL file "/home/starck/Bureau/Automates et Langages/FPGA/VHDL/PROJET_SYSTEME_INFO.srcs/sim_1/new/testDonnees.vhd" into library xil_defaultlib
INFO: [VRFC 10-307] analyzing entity testDonnees
INFO: [VRFC 10-163] Analyzing VHDL file "/home/starck/Bureau/Automates et Langages/FPGA/VHDL/PROJET_SYSTEME_INFO.srcs/sim_1/new/testDonnees.vhd" into library xil_defaultlib
INFO: [VRFC 10-307] analyzing entity testDonnees
INFO: [VRFC 10-163] Analyzing VHDL file "/home/starck/Bureau/Automates et Langages/FPGA/VHDL/PROJET_SYSTEME_INFO.srcs/sources_1/new/Memoire_d_instructions.vhd" into library xil_defaultlib
INFO: [VRFC 10-307] analyzing entity Memoire_d_instructions
INFO: [VRFC 10-163] Analyzing VHDL file "/home/starck/Bureau/Automates et Langages/FPGA/VHDL/PROJET_SYSTEME_INFO.srcs/sim_1/new/testInscructions.vhd" into library xil_defaultlib
INFO: [VRFC 10-307] analyzing entity testInscructions
